<html>
<head>
<title>TestNG:  Test</title>
<link href="../testng.css" rel="stylesheet" type="text/css" />
<link href="../my-testng.css" rel="stylesheet" type="text/css" />

<style type="text/css">
.log { display: none;} 
.stack-trace { display: none;} 
</style>
<script type="text/javascript">
<!--
function flip(e) {
  current = e.style.display;
  if (current == 'block') {
    e.style.display = 'none';
    return 0;
  }
  else {
    e.style.display = 'block';
    return 1;
  }
}

function toggleBox(szDivId, elem, msg1, msg2)
{
  var res = -1;  if (document.getElementById) {
    res = flip(document.getElementById(szDivId));
  }
  else if (document.all) {
    // this is the way old msie versions work
    res = flip(document.all[szDivId]);
  }
  if(elem) {
    if(res == 0) elem.innerHTML = msg1; else elem.innerHTML = msg2;
  }

}

function toggleAllBoxes() {
  if (document.getElementsByTagName) {
    d = document.getElementsByTagName('div');
    for (i = 0; i < d.length; i++) {
      if (d[i].className == 'log') {
        flip(d[i]);
      }
    }
  }
}

// -->
</script>

</head>
<body>
<h2 align='center'>Test</h2><table border='1' align="center">
<tr>
<<<<<<< HEAD
<td>Tests passed/Failed/Skipped:</td><td>1/0/0</td>
</tr><tr>
<td>Started on:</td><td>Fri Dec 22 12:06:45 IST 2023</td>
</tr>
<tr><td>Total time:</td><td>236 seconds (236529 ms)</td>
=======
<td>Tests passed/Failed/Skipped:</td><td>2/2/0</td>
</tr><tr>
<td>Started on:</td><td>Fri Dec 15 19:40:59 IST 2023</td>
</tr>
<tr><td>Total time:</td><td>1274 seconds (1274804 ms)</td>
>>>>>>> origin/main
</tr><tr>
<td>Included groups:</td><td></td>
</tr><tr>
<td>Excluded groups:</td><td></td>
</tr>
</table><p/>
<small><i>(Hover the method name to see the test class name)</i></small><p/>
<<<<<<< HEAD
<table width='100%' border='1' class='invocation-passed'>
<tr><td colspan='4' align='center'><b>PASSED TESTS</b></td></tr>
=======
<table width='100%' border='1' class='invocation-failed'>
<tr><td colspan='4' align='center'><b>FAILED TESTS</b></td></tr>
>>>>>>> origin/main
<tr><td><b>Test method</b></td>
<td width="30%"><b>Exception</b></td>
<td width="10%"><b>Time (seconds)</b></td>
<td><b>Instance</b></td>
</tr>
<tr>
<td title='commonMethods.Testcases.buyCryptoUSDollerLite()'><b>buyCryptoUSDollerLite</b><br>Test class: commonMethods.Testcases<br/>
<<<<<<< HEAD
<a href="#Output-1325931357" onClick='toggleBox("Output-1325931357", this, "Show output", "Hide output");'>Show output</a>

<a href="#Output-1325931357" onClick="toggleAllBoxes();">Show all outputs</a>
<div class='log' id="Output-1325931357">
=======
<a href="#Output-1646207916" onClick='toggleBox("Output-1646207916", this, "Show output", "Hide output");'>Show output</a>

<a href="#Output-1646207916" onClick="toggleAllBoxes();">Show all outputs</a>
<div class='log' id="Output-1646207916">
STEP229<br/>
STEP230<br/>
STEP231<br/>
STEP232<br/>
STEP233<br/>
STEP234<br/>
STEP235<br/>
STEP236<br/>
STEP237<br/>
STEP238<br/>
STEP239<br/>
STEP240<br/>
STEP241<br/>
STEP242<br/>
STEP243<br/>
STEP244<br/>
STEP245<br/>
STEP246<br/>
STEP247<br/>
STEP248<br/>
STEP249<br/>
STEP250<br/>
STEP251<br/>
STEP252<br/>
STEP253<br/>
STEP254<br/>
STEP255<br/>
STEP256<br/>
STEP257<br/>
STEP258<br/>
STEP259<br/>
STEP260<br/>
STEP261<br/>
STEP262<br/>
STEP263<br/>
STEP264<br/>
STEP265<br/>
STEP266<br/>
STEP267<br/>
STEP268<br/>
STEP269<br/>
STEP270<br/>
STEP271<br/>
STEP272<br/>
STEP273<br/>
STEP274<br/>
STEP275<br/>
STEP276<br/>
STEP277<br/>
STEP278<br/>
STEP279<br/>
STEP280<br/>
STEP281<br/>
STEP282<br/>
STEP283<br/>
STEP284<br/>
STEP285<br/>
STEP286<br/>
STEP287<br/>
STEP288<br/>
STEP289<br/>
STEP290<br/>
STEP291<br/>
STEP292<br/>
STEP293<br/>
STEP294<br/>
STEP295<br/>
STEP296<br/>
STEP297<br/>
STEP298<br/>
STEP299<br/>
STEP300<br/>
STEP301<br/>
STEP302<br/>
STEP303<br/>
STEP304<br/>
STEP305<br/>
STEP306<br/>
STEP307<br/>
STEP308<br/>
STEP309<br/>
STEP310<br/>
STEP311<br/>
STEP312<br/>
STEP313<br/>
STEP314<br/>
STEP315<br/>
STEP316<br/>
STEP317<br/>
STEP318<br/>
STEP319<br/>
STEP320<br/>
STEP321<br/>
STEP322<br/>
STEP323<br/>
STEP324<br/>
STEP325<br/>
STEP326<br/>
STEP327<br/>
STEP328<br/>
STEP329<br/>
STEP330<br/>
STEP331<br/>
STEP332<br/>
STEP333<br/>
STEP334<br/>
STEP335<br/>
STEP336<br/>
STEP337<br/>
STEP338<br/>
STEP339<br/>
STEP340<br/>
</div>
</td>
<td><div><pre>org.openqa.selenium.JavascriptException: javascript error: Invalid left-hand side in assignment
  (Session info: chrome=120.0.6099.109)
Build info: version: &apos;3.10.0&apos;, revision: &apos;176b4a9&apos;, time: &apos;2018-03-02T19:03:16.397Z&apos;
System info: host: &apos;DESKTOP-7V6RIFB&apos;, ip: &apos;192.168.1.10&apos;, os.name: &apos;Windows 11&apos;, os.arch: &apos;amd64&apos;, os.version: &apos;10.0&apos;, java.version: &apos;17.0.7&apos;
Driver info: org.openqa.selenium.chrome.ChromeDriver
Capabilities {acceptInsecureCerts: false, browserName: chrome, browserVersion: 120.0.6099.109, chrome: {chromedriverVersion: 120.0.6099.71 (9729082fe617..., userDataDir: C:\Users\RBT\AppData\Local\...}, fedcm:accounts: true, goog:chromeOptions: {debuggerAddress: localhost:60604}, javascriptEnabled: true, networkConnectionEnabled: false, pageLoadStrategy: normal, platform: WINDOWS, platformName: WINDOWS, proxy: Proxy(), setWindowRect: true, strictFileInteractability: false, timeouts: {implicit: 0, pageLoad: 300000, script: 30000}, unhandledPromptBehavior: dismiss and notify, webauthn:extension:credBlob: true, webauthn:extension:largeBlob: true, webauthn:extension:minPinLength: true, webauthn:extension:prf: true, webauthn:virtualAuthenticators: true}
Session ID: 4ad52fd9a74223827a73d1e3849c7af3
	at org.openqa.selenium.remote.http.W3CHttpResponseCodec.createException(W3CHttpResponseCodec.java:187)
	at org.openqa.selenium.remote.http.W3CHttpResponseCodec.decode(W3CHttpResponseCodec.java:122)
	at org.openqa.selenium.remote.http.W3CHttpResponseCodec.decode(W3CHttpResponseCodec.java:49)
	at org.openqa.selenium.remote.HttpCommandExecutor.execute(HttpCommandExecutor.java:160)
	at org.openqa.selenium.remote.service.DriverCommandExecutor.execute(DriverCommandExecutor.java:83)
	at org.openqa.selenium.remote.RemoteWebDriver.execute(RemoteWebDriver.java:601)
	at org.openqa.selenium.remote.RemoteWebDriver.executeScript(RemoteWebDriver.java:537)
	at commonMethods.Keywords.waitForElement1(Keywords.java:375)
	at scripts.BuyCryptoLite.buyCrypto_Lite(BuyCryptoLite.java:249)
	at commonMethods.Testcases.buyCryptoUSDollerLite(Testcases.java:172)
	at java.base/java.util.ArrayList.forEach(ArrayList.java:1511)
... Removed 32 stack frames</pre></div><a href='#' onClick='toggleBox("stack-trace1646207916", this, "Click to show all stack frames", "Click to hide stack frames")'>Click to show all stack frames</a>
<div class='stack-trace' id='stack-trace1646207916'><pre>org.openqa.selenium.JavascriptException: javascript error: Invalid left-hand side in assignment
  (Session info: chrome=120.0.6099.109)
Build info: version: &apos;3.10.0&apos;, revision: &apos;176b4a9&apos;, time: &apos;2018-03-02T19:03:16.397Z&apos;
System info: host: &apos;DESKTOP-7V6RIFB&apos;, ip: &apos;192.168.1.10&apos;, os.name: &apos;Windows 11&apos;, os.arch: &apos;amd64&apos;, os.version: &apos;10.0&apos;, java.version: &apos;17.0.7&apos;
Driver info: org.openqa.selenium.chrome.ChromeDriver
Capabilities {acceptInsecureCerts: false, browserName: chrome, browserVersion: 120.0.6099.109, chrome: {chromedriverVersion: 120.0.6099.71 (9729082fe617..., userDataDir: C:\Users\RBT\AppData\Local\...}, fedcm:accounts: true, goog:chromeOptions: {debuggerAddress: localhost:60604}, javascriptEnabled: true, networkConnectionEnabled: false, pageLoadStrategy: normal, platform: WINDOWS, platformName: WINDOWS, proxy: Proxy(), setWindowRect: true, strictFileInteractability: false, timeouts: {implicit: 0, pageLoad: 300000, script: 30000}, unhandledPromptBehavior: dismiss and notify, webauthn:extension:credBlob: true, webauthn:extension:largeBlob: true, webauthn:extension:minPinLength: true, webauthn:extension:prf: true, webauthn:virtualAuthenticators: true}
Session ID: 4ad52fd9a74223827a73d1e3849c7af3
	at java.base/jdk.internal.reflect.NativeConstructorAccessorImpl.newInstance0(Native Method)
	at java.base/jdk.internal.reflect.NativeConstructorAccessorImpl.newInstance(NativeConstructorAccessorImpl.java:77)
	at java.base/jdk.internal.reflect.DelegatingConstructorAccessorImpl.newInstance(DelegatingConstructorAccessorImpl.java:45)
	at java.base/java.lang.reflect.Constructor.newInstanceWithCaller(Constructor.java:499)
	at java.base/java.lang.reflect.Constructor.newInstance(Constructor.java:480)
	at org.openqa.selenium.remote.http.W3CHttpResponseCodec.createException(W3CHttpResponseCodec.java:187)
	at org.openqa.selenium.remote.http.W3CHttpResponseCodec.decode(W3CHttpResponseCodec.java:122)
	at org.openqa.selenium.remote.http.W3CHttpResponseCodec.decode(W3CHttpResponseCodec.java:49)
	at org.openqa.selenium.remote.HttpCommandExecutor.execute(HttpCommandExecutor.java:160)
	at org.openqa.selenium.remote.service.DriverCommandExecutor.execute(DriverCommandExecutor.java:83)
	at org.openqa.selenium.remote.RemoteWebDriver.execute(RemoteWebDriver.java:601)
	at org.openqa.selenium.remote.RemoteWebDriver.executeScript(RemoteWebDriver.java:537)
	at commonMethods.Keywords.waitForElement1(Keywords.java:375)
	at scripts.BuyCryptoLite.buyCrypto_Lite(BuyCryptoLite.java:249)
	at commonMethods.Testcases.buyCryptoUSDollerLite(Testcases.java:172)
	at java.base/jdk.internal.reflect.NativeMethodAccessorImpl.invoke0(Native Method)
	at java.base/jdk.internal.reflect.NativeMethodAccessorImpl.invoke(NativeMethodAccessorImpl.java:77)
	at java.base/jdk.internal.reflect.DelegatingMethodAccessorImpl.invoke(DelegatingMethodAccessorImpl.java:43)
	at java.base/java.lang.reflect.Method.invoke(Method.java:568)
	at org.testng.internal.MethodInvocationHelper.invokeMethod(MethodInvocationHelper.java:133)
	at org.testng.internal.TestInvoker.invokeMethod(TestInvoker.java:598)
	at org.testng.internal.TestInvoker.invokeTestMethod(TestInvoker.java:173)
	at org.testng.internal.MethodRunner.runInSequence(MethodRunner.java:46)
	at org.testng.internal.TestInvoker$MethodInvocationAgent.invoke(TestInvoker.java:824)
	at org.testng.internal.TestInvoker.invokeTestMethods(TestInvoker.java:146)
	at org.testng.internal.TestMethodWorker.invokeTestMethods(TestMethodWorker.java:146)
	at org.testng.internal.TestMethodWorker.run(TestMethodWorker.java:128)
	at java.base/java.util.ArrayList.forEach(ArrayList.java:1511)
	at org.testng.TestRunner.privateRun(TestRunner.java:794)
	at org.testng.TestRunner.run(TestRunner.java:596)
	at org.testng.SuiteRunner.runTest(SuiteRunner.java:377)
	at org.testng.SuiteRunner.runSequentially(SuiteRunner.java:371)
	at org.testng.SuiteRunner.privateRun(SuiteRunner.java:332)
	at org.testng.SuiteRunner.run(SuiteRunner.java:276)
	at org.testng.SuiteRunnerWorker.runSuite(SuiteRunnerWorker.java:53)
	at org.testng.SuiteRunnerWorker.run(SuiteRunnerWorker.java:96)
	at org.testng.TestNG.runSuitesSequentially(TestNG.java:1212)
	at org.testng.TestNG.runSuitesLocally(TestNG.java:1134)
	at org.testng.TestNG.runSuites(TestNG.java:1063)
	at org.testng.TestNG.run(TestNG.java:1031)
	at org.testng.remote.AbstractRemoteTestNG.run(AbstractRemoteTestNG.java:115)
	at org.testng.remote.RemoteTestNG.initAndRun(RemoteTestNG.java:251)
	at org.testng.remote.RemoteTestNG.main(RemoteTestNG.java:77)
</pre></div></td>
<td>420</td>
<td>commonMethods.Testcases@7068f7ca</td></tr>
<tr>
<td title='commonMethods.Testcases.buyCryptoSingaporeLite()'><b>buyCryptoSingaporeLite</b><br>Test class: commonMethods.Testcases<br/>
<a href="#Output-783402517" onClick='toggleBox("Output-783402517", this, "Show output", "Hide output");'>Show output</a>

<a href="#Output-783402517" onClick="toggleAllBoxes();">Show all outputs</a>
<div class='log' id="Output-783402517">
STEP341<br/>
STEP342<br/>
STEP343<br/>
STEP344<br/>
STEP345<br/>
STEP346<br/>
STEP347<br/>
STEP348<br/>
STEP349<br/>
STEP350<br/>
STEP351<br/>
STEP352<br/>
STEP353<br/>
STEP354<br/>
STEP355<br/>
STEP356<br/>
STEP357<br/>
STEP358<br/>
STEP359<br/>
STEP360<br/>
STEP361<br/>
STEP362<br/>
STEP363<br/>
STEP364<br/>
STEP365<br/>
STEP366<br/>
STEP367<br/>
STEP368<br/>
STEP369<br/>
STEP370<br/>
STEP371<br/>
STEP372<br/>
STEP373<br/>
STEP374<br/>
STEP375<br/>
STEP376<br/>
STEP377<br/>
STEP378<br/>
STEP379<br/>
STEP380<br/>
STEP381<br/>
STEP382<br/>
STEP383<br/>
STEP384<br/>
STEP385<br/>
STEP386<br/>
STEP387<br/>
STEP388<br/>
STEP389<br/>
STEP390<br/>
STEP391<br/>
STEP392<br/>
STEP393<br/>
STEP394<br/>
STEP395<br/>
STEP396<br/>
STEP397<br/>
STEP398<br/>
STEP399<br/>
STEP400<br/>
STEP401<br/>
STEP402<br/>
STEP403<br/>
STEP404<br/>
STEP405<br/>
STEP406<br/>
STEP407<br/>
STEP408<br/>
STEP409<br/>
STEP410<br/>
STEP411<br/>
STEP412<br/>
STEP413<br/>
STEP414<br/>
STEP415<br/>
STEP416<br/>
STEP417<br/>
STEP418<br/>
STEP419<br/>
STEP420<br/>
STEP421<br/>
STEP422<br/>
STEP423<br/>
STEP424<br/>
STEP425<br/>
STEP426<br/>
</div>
</td>
<td><div><pre>org.openqa.selenium.JavascriptException: javascript error: Invalid left-hand side in assignment
  (Session info: chrome=120.0.6099.109)
Build info: version: &apos;3.10.0&apos;, revision: &apos;176b4a9&apos;, time: &apos;2018-03-02T19:03:16.397Z&apos;
System info: host: &apos;DESKTOP-7V6RIFB&apos;, ip: &apos;192.168.1.10&apos;, os.name: &apos;Windows 11&apos;, os.arch: &apos;amd64&apos;, os.version: &apos;10.0&apos;, java.version: &apos;17.0.7&apos;
Driver info: org.openqa.selenium.chrome.ChromeDriver
Capabilities {acceptInsecureCerts: false, browserName: chrome, browserVersion: 120.0.6099.109, chrome: {chromedriverVersion: 120.0.6099.71 (9729082fe617..., userDataDir: C:\Users\RBT\AppData\Local\...}, fedcm:accounts: true, goog:chromeOptions: {debuggerAddress: localhost:60821}, javascriptEnabled: true, networkConnectionEnabled: false, pageLoadStrategy: normal, platform: WINDOWS, platformName: WINDOWS, proxy: Proxy(), setWindowRect: true, strictFileInteractability: false, timeouts: {implicit: 0, pageLoad: 300000, script: 30000}, unhandledPromptBehavior: dismiss and notify, webauthn:extension:credBlob: true, webauthn:extension:largeBlob: true, webauthn:extension:minPinLength: true, webauthn:extension:prf: true, webauthn:virtualAuthenticators: true}
Session ID: 06b9a225b340dd5bdb5d2c3f38d270c4
	at org.openqa.selenium.remote.http.W3CHttpResponseCodec.createException(W3CHttpResponseCodec.java:187)
	at org.openqa.selenium.remote.http.W3CHttpResponseCodec.decode(W3CHttpResponseCodec.java:122)
	at org.openqa.selenium.remote.http.W3CHttpResponseCodec.decode(W3CHttpResponseCodec.java:49)
	at org.openqa.selenium.remote.HttpCommandExecutor.execute(HttpCommandExecutor.java:160)
	at org.openqa.selenium.remote.service.DriverCommandExecutor.execute(DriverCommandExecutor.java:83)
	at org.openqa.selenium.remote.RemoteWebDriver.execute(RemoteWebDriver.java:601)
	at org.openqa.selenium.remote.RemoteWebDriver.executeScript(RemoteWebDriver.java:537)
	at commonMethods.Keywords.waitForElement1(Keywords.java:375)
	at scripts.BuyCryptoLite.buyCrypto_Lite(BuyCryptoLite.java:179)
	at commonMethods.Testcases.buyCryptoSingaporeLite(Testcases.java:206)
	at java.base/java.util.ArrayList.forEach(ArrayList.java:1511)
... Removed 32 stack frames</pre></div><a href='#' onClick='toggleBox("stack-trace783402517", this, "Click to show all stack frames", "Click to hide stack frames")'>Click to show all stack frames</a>
<div class='stack-trace' id='stack-trace783402517'><pre>org.openqa.selenium.JavascriptException: javascript error: Invalid left-hand side in assignment
  (Session info: chrome=120.0.6099.109)
Build info: version: &apos;3.10.0&apos;, revision: &apos;176b4a9&apos;, time: &apos;2018-03-02T19:03:16.397Z&apos;
System info: host: &apos;DESKTOP-7V6RIFB&apos;, ip: &apos;192.168.1.10&apos;, os.name: &apos;Windows 11&apos;, os.arch: &apos;amd64&apos;, os.version: &apos;10.0&apos;, java.version: &apos;17.0.7&apos;
Driver info: org.openqa.selenium.chrome.ChromeDriver
Capabilities {acceptInsecureCerts: false, browserName: chrome, browserVersion: 120.0.6099.109, chrome: {chromedriverVersion: 120.0.6099.71 (9729082fe617..., userDataDir: C:\Users\RBT\AppData\Local\...}, fedcm:accounts: true, goog:chromeOptions: {debuggerAddress: localhost:60821}, javascriptEnabled: true, networkConnectionEnabled: false, pageLoadStrategy: normal, platform: WINDOWS, platformName: WINDOWS, proxy: Proxy(), setWindowRect: true, strictFileInteractability: false, timeouts: {implicit: 0, pageLoad: 300000, script: 30000}, unhandledPromptBehavior: dismiss and notify, webauthn:extension:credBlob: true, webauthn:extension:largeBlob: true, webauthn:extension:minPinLength: true, webauthn:extension:prf: true, webauthn:virtualAuthenticators: true}
Session ID: 06b9a225b340dd5bdb5d2c3f38d270c4
	at java.base/jdk.internal.reflect.NativeConstructorAccessorImpl.newInstance0(Native Method)
	at java.base/jdk.internal.reflect.NativeConstructorAccessorImpl.newInstance(NativeConstructorAccessorImpl.java:77)
	at java.base/jdk.internal.reflect.DelegatingConstructorAccessorImpl.newInstance(DelegatingConstructorAccessorImpl.java:45)
	at java.base/java.lang.reflect.Constructor.newInstanceWithCaller(Constructor.java:499)
	at java.base/java.lang.reflect.Constructor.newInstance(Constructor.java:480)
	at org.openqa.selenium.remote.http.W3CHttpResponseCodec.createException(W3CHttpResponseCodec.java:187)
	at org.openqa.selenium.remote.http.W3CHttpResponseCodec.decode(W3CHttpResponseCodec.java:122)
	at org.openqa.selenium.remote.http.W3CHttpResponseCodec.decode(W3CHttpResponseCodec.java:49)
	at org.openqa.selenium.remote.HttpCommandExecutor.execute(HttpCommandExecutor.java:160)
	at org.openqa.selenium.remote.service.DriverCommandExecutor.execute(DriverCommandExecutor.java:83)
	at org.openqa.selenium.remote.RemoteWebDriver.execute(RemoteWebDriver.java:601)
	at org.openqa.selenium.remote.RemoteWebDriver.executeScript(RemoteWebDriver.java:537)
	at commonMethods.Keywords.waitForElement1(Keywords.java:375)
	at scripts.BuyCryptoLite.buyCrypto_Lite(BuyCryptoLite.java:179)
	at commonMethods.Testcases.buyCryptoSingaporeLite(Testcases.java:206)
	at java.base/jdk.internal.reflect.NativeMethodAccessorImpl.invoke0(Native Method)
	at java.base/jdk.internal.reflect.NativeMethodAccessorImpl.invoke(NativeMethodAccessorImpl.java:77)
	at java.base/jdk.internal.reflect.DelegatingMethodAccessorImpl.invoke(DelegatingMethodAccessorImpl.java:43)
	at java.base/java.lang.reflect.Method.invoke(Method.java:568)
	at org.testng.internal.MethodInvocationHelper.invokeMethod(MethodInvocationHelper.java:133)
	at org.testng.internal.TestInvoker.invokeMethod(TestInvoker.java:598)
	at org.testng.internal.TestInvoker.invokeTestMethod(TestInvoker.java:173)
	at org.testng.internal.MethodRunner.runInSequence(MethodRunner.java:46)
	at org.testng.internal.TestInvoker$MethodInvocationAgent.invoke(TestInvoker.java:824)
	at org.testng.internal.TestInvoker.invokeTestMethods(TestInvoker.java:146)
	at org.testng.internal.TestMethodWorker.invokeTestMethods(TestMethodWorker.java:146)
	at org.testng.internal.TestMethodWorker.run(TestMethodWorker.java:128)
	at java.base/java.util.ArrayList.forEach(ArrayList.java:1511)
	at org.testng.TestRunner.privateRun(TestRunner.java:794)
	at org.testng.TestRunner.run(TestRunner.java:596)
	at org.testng.SuiteRunner.runTest(SuiteRunner.java:377)
	at org.testng.SuiteRunner.runSequentially(SuiteRunner.java:371)
	at org.testng.SuiteRunner.privateRun(SuiteRunner.java:332)
	at org.testng.SuiteRunner.run(SuiteRunner.java:276)
	at org.testng.SuiteRunnerWorker.runSuite(SuiteRunnerWorker.java:53)
	at org.testng.SuiteRunnerWorker.run(SuiteRunnerWorker.java:96)
	at org.testng.TestNG.runSuitesSequentially(TestNG.java:1212)
	at org.testng.TestNG.runSuitesLocally(TestNG.java:1134)
	at org.testng.TestNG.runSuites(TestNG.java:1063)
	at org.testng.TestNG.run(TestNG.java:1031)
	at org.testng.remote.AbstractRemoteTestNG.run(AbstractRemoteTestNG.java:115)
	at org.testng.remote.RemoteTestNG.initAndRun(RemoteTestNG.java:251)
	at org.testng.remote.RemoteTestNG.main(RemoteTestNG.java:77)
</pre></div></td>
<td>560</td>
<td>commonMethods.Testcases@7068f7ca</td></tr>
</table><p>
<table width='100%' border='1' class='invocation-passed'>
<tr><td colspan='4' align='center'><b>PASSED TESTS</b></td></tr>
<tr><td><b>Test method</b></td>
<td width="30%"><b>Exception</b></td>
<td width="10%"><b>Time (seconds)</b></td>
<td><b>Instance</b></td>
</tr>
<tr>
<td title='commonMethods.Testcases.buyCryptoEuroLite()'><b>buyCryptoEuroLite</b><br>Test class: commonMethods.Testcases<br/>
<a href="#Output-1333520072" onClick='toggleBox("Output-1333520072", this, "Show output", "Hide output");'>Show output</a>

<a href="#Output-1333520072" onClick="toggleAllBoxes();">Show all outputs</a>
<div class='log' id="Output-1333520072">
>>>>>>> origin/main
STEP1<br/>
STEP2<br/>
STEP3<br/>
STEP4<br/>
STEP5<br/>
STEP6<br/>
STEP7<br/>
STEP8<br/>
STEP9<br/>
STEP10<br/>
STEP11<br/>
STEP12<br/>
STEP13<br/>
STEP14<br/>
STEP15<br/>
STEP16<br/>
STEP17<br/>
STEP18<br/>
STEP19<br/>
STEP20<br/>
STEP21<br/>
STEP22<br/>
STEP23<br/>
STEP24<br/>
STEP25<br/>
STEP26<br/>
STEP27<br/>
STEP28<br/>
STEP29<br/>
STEP30<br/>
STEP31<br/>
STEP32<br/>
STEP33<br/>
STEP34<br/>
STEP35<br/>
STEP36<br/>
STEP37<br/>
STEP38<br/>
STEP39<br/>
STEP40<br/>
STEP41<br/>
STEP42<br/>
STEP43<br/>
STEP44<br/>
STEP45<br/>
STEP46<br/>
STEP47<br/>
STEP48<br/>
STEP49<br/>
STEP50<br/>
STEP51<br/>
STEP52<br/>
STEP53<br/>
STEP54<br/>
STEP55<br/>
STEP56<br/>
STEP57<br/>
STEP58<br/>
STEP59<br/>
STEP60<br/>
STEP61<br/>
STEP62<br/>
STEP63<br/>
STEP64<br/>
STEP65<br/>
STEP66<br/>
STEP67<br/>
STEP68<br/>
STEP69<br/>
STEP70<br/>
STEP71<br/>
STEP72<br/>
STEP73<br/>
STEP74<br/>
STEP75<br/>
STEP76<br/>
STEP77<br/>
STEP78<br/>
STEP79<br/>
STEP80<br/>
STEP81<br/>
STEP82<br/>
STEP83<br/>
STEP84<br/>
STEP85<br/>
STEP86<br/>
STEP87<br/>
STEP88<br/>
STEP89<br/>
STEP90<br/>
STEP91<br/>
STEP92<br/>
STEP93<br/>
STEP94<br/>
STEP95<br/>
STEP96<br/>
STEP97<br/>
STEP98<br/>
STEP99<br/>
STEP100<br/>
STEP101<br/>
STEP102<br/>
STEP103<br/>
STEP104<br/>
STEP105<br/>
STEP106<br/>
STEP107<br/>
STEP108<br/>
STEP109<br/>
STEP110<br/>
STEP111<br/>
STEP112<br/>
STEP113<br/>
STEP114<br/>
<<<<<<< HEAD
STEP115<br/>
STEP116<br/>
STEP117<br/>
STEP118<br/>
STEP119<br/>
STEP120<br/>
STEP121<br/>
</div>
</td>
<td></td>
<td>235</td>
<td>commonMethods.Testcases@2cfbeac4</td></tr>
=======
</div>
</td>
<td></td>
<td>149</td>
<td>commonMethods.Testcases@7068f7ca</td></tr>
<tr>
<td title='commonMethods.Testcases.buyCryptoBritishLite()'><b>buyCryptoBritishLite</b><br>Test class: commonMethods.Testcases<br/>
<a href="#Output-1041552272" onClick='toggleBox("Output-1041552272", this, "Show output", "Hide output");'>Show output</a>

<a href="#Output-1041552272" onClick="toggleAllBoxes();">Show all outputs</a>
<div class='log' id="Output-1041552272">
STEP115<br/>
STEP116<br/>
STEP117<br/>
STEP118<br/>
STEP119<br/>
STEP120<br/>
STEP121<br/>
STEP122<br/>
STEP123<br/>
STEP124<br/>
STEP125<br/>
STEP126<br/>
STEP127<br/>
STEP128<br/>
STEP129<br/>
STEP130<br/>
STEP131<br/>
STEP132<br/>
STEP133<br/>
STEP134<br/>
STEP135<br/>
STEP136<br/>
STEP137<br/>
STEP138<br/>
STEP139<br/>
STEP140<br/>
STEP141<br/>
STEP142<br/>
STEP143<br/>
STEP144<br/>
STEP145<br/>
STEP146<br/>
STEP147<br/>
STEP148<br/>
STEP149<br/>
STEP150<br/>
STEP151<br/>
STEP152<br/>
STEP153<br/>
STEP154<br/>
STEP155<br/>
STEP156<br/>
STEP157<br/>
STEP158<br/>
STEP159<br/>
STEP160<br/>
STEP161<br/>
STEP162<br/>
STEP163<br/>
STEP164<br/>
STEP165<br/>
STEP166<br/>
STEP167<br/>
STEP168<br/>
STEP169<br/>
STEP170<br/>
STEP171<br/>
STEP172<br/>
STEP173<br/>
STEP174<br/>
STEP175<br/>
STEP176<br/>
STEP177<br/>
STEP178<br/>
STEP179<br/>
STEP180<br/>
STEP181<br/>
STEP182<br/>
STEP183<br/>
STEP184<br/>
STEP185<br/>
STEP186<br/>
STEP187<br/>
STEP188<br/>
STEP189<br/>
STEP190<br/>
STEP191<br/>
STEP192<br/>
STEP193<br/>
STEP194<br/>
STEP195<br/>
STEP196<br/>
STEP197<br/>
STEP198<br/>
STEP199<br/>
STEP200<br/>
STEP201<br/>
STEP202<br/>
STEP203<br/>
STEP204<br/>
STEP205<br/>
STEP206<br/>
STEP207<br/>
STEP208<br/>
STEP209<br/>
STEP210<br/>
STEP211<br/>
STEP212<br/>
STEP213<br/>
STEP214<br/>
STEP215<br/>
STEP216<br/>
STEP217<br/>
STEP218<br/>
STEP219<br/>
STEP220<br/>
STEP221<br/>
STEP222<br/>
STEP223<br/>
STEP224<br/>
STEP225<br/>
STEP226<br/>
STEP227<br/>
STEP228<br/>
</div>
</td>
<td></td>
<td>144</td>
<td>commonMethods.Testcases@7068f7ca</td></tr>
>>>>>>> origin/main
</table><p>
</body>
</html>