{"uuid":"f2729e7e-b1b5-40fc-aecc-41b05d3d1407","historyId":"b811bf1b3d1d8a1051e36ef917a038fb","fullName":"commonMethods.Testcases.buyCryptoEuroLite","labels":[{"name":"package","value":"commonMethods.Testcases"},{"name":"testClass","value":"commonMethods.Testcases"},{"name":"testMethod","value":"buyCryptoEuroLite"},{"name":"parentSuite","value":"Suite"},{"name":"suite","value":"Test"},{"name":"subSuite","value":"commonMethods.Testcases"},{"name":"host","value":"DESKTOP-JJUAQ9I"},{"name":"thread","value":"3028@DESKTOP-JJUAQ9I.TestNG-test=Test-1(18)"},{"name":"framework","value":"testng"},{"name":"language","value":"java"}],"links":[],"name":"buyCryptoEuroLite","status":"broken","statusDetails":{"known":false,"muted":false,"flaky":false,"message":"Error forwarding the new session cannot find : Capabilities {LT:Options: {resolution: 1024x768}, browserName: chrome, build: KYC_2023-12-19_13:10:51.113..., console: true, goog:loggingPrefs: {browser: ALL}, name: buyCryptoEuroLite, network: true, platform: WIN10, selenium_version: 4.12.0, terminal: false, version: latest, video: true, visual: true}\nCommand duration or timeout: 548 milliseconds\nBuild info: version: '3.10.0', revision: '176b4a9', time: '2018-03-02T19:03:16.397Z'\nSystem info: host: 'DESKTOP-JJUAQ9I', ip: '192.168.0.174', os.name: 'Windows 10', os.arch: 'amd64', os.version: '10.0', java.version: '17.0.9'\nDriver info: driver.version: RemoteWebDriver","trace":"org.openqa.selenium.WebDriverException: Error forwarding the new session cannot find : Capabilities {LT:Options: {resolution: 1024x768}, browserName: chrome, build: KYC_2023-12-19_13:10:51.113..., console: true, goog:loggingPrefs: {browser: ALL}, name: buyCryptoEuroLite, network: true, platform: WIN10, selenium_version: 4.12.0, terminal: false, version: latest, video: true, visual: true}\nCommand duration or timeout: 548 milliseconds\nBuild info: version: '3.10.0', revision: '176b4a9', time: '2018-03-02T19:03:16.397Z'\nSystem info: host: 'DESKTOP-JJUAQ9I', ip: '192.168.0.174', os.name: 'Windows 10', os.arch: 'amd64', os.version: '10.0', java.version: '17.0.9'\nDriver info: driver.version: RemoteWebDriver\r\n\tat java.base/jdk.internal.reflect.NativeConstructorAccessorImpl.newInstance0(Native Method)\r\n\tat java.base/jdk.internal.reflect.NativeConstructorAccessorImpl.newInstance(NativeConstructorAccessorImpl.java:77)\r\n\tat java.base/jdk.internal.reflect.DelegatingConstructorAccessorImpl.newInstance(DelegatingConstructorAccessorImpl.java:45)\r\n\tat java.base/java.lang.reflect.Constructor.newInstanceWithCaller(Constructor.java:499)\r\n\tat java.base/java.lang.reflect.Constructor.newInstance(Constructor.java:480)\r\n\tat org.openqa.selenium.remote.ErrorHandler.createThrowable(ErrorHandler.java:214)\r\n\tat org.openqa.selenium.remote.ErrorHandler.throwIfResponseFailed(ErrorHandler.java:166)\r\n\tat org.openqa.selenium.remote.JsonWireProtocolResponse.lambda$new$0(JsonWireProtocolResponse.java:53)\r\n\tat org.openqa.selenium.remote.JsonWireProtocolResponse.lambda$getResponseFunction$2(JsonWireProtocolResponse.java:91)\r\n\tat org.openqa.selenium.remote.ProtocolHandshake.lambda$createSession$0(ProtocolHandshake.java:123)\r\n\tat java.base/java.util.stream.ReferencePipeline$3$1.accept(ReferencePipeline.java:197)\r\n\tat java.base/java.util.Spliterators$ArraySpliterator.tryAdvance(Spliterators.java:1002)\r\n\tat java.base/java.util.stream.ReferencePipeline.forEachWithCancel(ReferencePipeline.java:129)\r\n\tat java.base/java.util.stream.AbstractPipeline.copyIntoWithCancel(AbstractPipeline.java:527)\r\n\tat java.base/java.util.stream.AbstractPipeline.copyInto(AbstractPipeline.java:513)\r\n\tat java.base/java.util.stream.AbstractPipeline.wrapAndCopyInto(AbstractPipeline.java:499)\r\n\tat java.base/java.util.stream.FindOps$FindOp.evaluateSequential(FindOps.java:150)\r\n\tat java.base/java.util.stream.AbstractPipeline.evaluate(AbstractPipeline.java:234)\r\n\tat java.base/java.util.stream.ReferencePipeline.findFirst(ReferencePipeline.java:647)\r\n\tat org.openqa.selenium.remote.ProtocolHandshake.createSession(ProtocolHandshake.java:126)\r\n\tat org.openqa.selenium.remote.ProtocolHandshake.createSession(ProtocolHandshake.java:73)\r\n\tat org.openqa.selenium.remote.HttpCommandExecutor.execute(HttpCommandExecutor.java:138)\r\n\tat org.openqa.selenium.remote.RemoteWebDriver.execute(RemoteWebDriver.java:601)\r\n\tat org.openqa.selenium.remote.RemoteWebDriver.startSession(RemoteWebDriver.java:219)\r\n\tat org.openqa.selenium.remote.RemoteWebDriver.<init>(RemoteWebDriver.java:142)\r\n\tat org.openqa.selenium.remote.RemoteWebDriver.<init>(RemoteWebDriver.java:155)\r\n\tat commonMethods.Config.gerWebDriver1(Config.java:117)\r\n\tat commonMethods.Testcases.buyCryptoEuroLite(Testcases.java:106)\r\n\tat java.base/jdk.internal.reflect.NativeMethodAccessorImpl.invoke0(Native Method)\r\n\tat java.base/jdk.internal.reflect.NativeMethodAccessorImpl.invoke(NativeMethodAccessorImpl.java:77)\r\n\tat java.base/jdk.internal.reflect.DelegatingMethodAccessorImpl.invoke(DelegatingMethodAccessorImpl.java:43)\r\n\tat java.base/java.lang.reflect.Method.invoke(Method.java:568)\r\n\tat org.testng.internal.MethodInvocationHelper.invokeMethod(MethodInvocationHelper.java:133)\r\n\tat org.testng.internal.TestInvoker.invokeMethod(TestInvoker.java:598)\r\n\tat org.testng.internal.TestInvoker.invokeTestMethod(TestInvoker.java:173)\r\n\tat org.testng.internal.MethodRunner.runInSequence(MethodRunner.java:46)\r\n\tat org.testng.internal.TestInvoker$MethodInvocationAgent.invoke(TestInvoker.java:824)\r\n\tat org.testng.internal.TestInvoker.invokeTestMethods(TestInvoker.java:146)\r\n\tat org.testng.internal.TestMethodWorker.invokeTestMethods(TestMethodWorker.java:146)\r\n\tat org.testng.internal.TestMethodWorker.run(TestMethodWorker.java:128)\r\n\tat java.base/java.util.concurrent.ThreadPoolExecutor.runWorker(ThreadPoolExecutor.java:1136)\r\n\tat java.base/java.util.concurrent.ThreadPoolExecutor$Worker.run(ThreadPoolExecutor.java:635)\r\n\tat java.base/java.lang.Thread.run(Thread.java:840)\r\nCaused by: org.openqa.grid.common.exception.GridException: Error forwarding the new session cannot find : Capabilities {LT:Options: {resolution: 1024x768}, browserName: chrome, build: KYC_2023-12-19_13:10:51.113..., console: true, goog:loggingPrefs: {browser: ALL}, name: buyCryptoEuroLite, network: true, platform: WIN10, selenium_version: 4.12.0, terminal: false, version: latest, video: true, visual: true}\r\n\tat org.openqa.grid.web.servlet.handler.RequestHandler.process(RequestHandler.java:118)\r\n\tat org.openqa.grid.web.servlet.DriverServlet.process(DriverServlet.java:85)\r\n\tat org.openqa.grid.web.servlet.DriverServlet.doPost(DriverServlet.java:69)\r\n\tat javax.servlet.http.HttpServlet.service(HttpServlet.java:707)\r\n\tat javax.servlet.http.HttpServlet.service(HttpServlet.java:790)\r\n\tat org.seleniumhq.jetty9.servlet.ServletHolder.handle(ServletHolder.java:865)\r\n\tat org.seleniumhq.jetty9.servlet.ServletHandler.doHandle(ServletHandler.java:535)\r\n\tat org.seleniumhq.jetty9.server.handler.ScopedHandler.handle(ScopedHandler.java:146)\r\n\tat org.seleniumhq.jetty9.security.SecurityHandler.handle(SecurityHandler.java:548)\r\n\tat org.seleniumhq.jetty9.server.handler.HandlerWrapper.handle(HandlerWrapper.java:132)\r\n\tat org.seleniumhq.jetty9.server.handler.ScopedHandler.nextHandle(ScopedHandler.java:257)\r\n\tat org.seleniumhq.jetty9.server.session.SessionHandler.doHandle(SessionHandler.java:1595)\r\n\tat org.seleniumhq.jetty9.server.handler.ScopedHandler.nextHandle(ScopedHandler.java:255)\r\n\tat org.seleniumhq.jetty9.server.handler.ContextHandler.doHandle(ContextHandler.java:1340)\r\n\tat org.seleniumhq.jetty9.server.handler.ScopedHandler.nextScope(ScopedHandler.java:203)\r\n\tat org.seleniumhq.jetty9.servlet.ServletHandler.doScope(ServletHandler.java:473)\r\n\tat org.seleniumhq.jetty9.server.session.SessionHandler.doScope(SessionHandler.java:1564)\r\n\tat org.seleniumhq.jetty9.server.handler.ScopedHandler.nextScope(ScopedHandler.java:201)\r\n\tat org.seleniumhq.jetty9.server.handler.ContextHandler.doScope(ContextHandler.java:1242)\r\n\tat org.seleniumhq.jetty9.server.handler.ScopedHandler.handle(ScopedHandler.java:144)\r\n\tat org.seleniumhq.jetty9.server.handler.HandlerWrapper.handle(HandlerWrapper.java:132)\r\n\tat org.seleniumhq.jetty9.server.Server.handle(Server.java:503)\r\n\tat org.seleniumhq.jetty9.server.HttpChannel.handle(HttpChannel.java:364)\r\n\tat org.seleniumhq.jetty9.server.HttpConnection.onFillable(HttpConnection.java:260)\r\n\tat org.seleniumhq.jetty9.io.AbstractConnection$ReadCallback.succeeded(AbstractConnection.java:305)\r\n\tat org.seleniumhq.jetty9.io.FillInterest.fillable(FillInterest.java:103)\r\n\tat org.seleniumhq.jetty9.io.ChannelEndPoint$2.run(ChannelEndPoint.java:118)\r\n\tat org.seleniumhq.jetty9.util.thread.QueuedThreadPool.runJob(QueuedThreadPool.java:765)\r\n\tat org.seleniumhq.jetty9.util.thread.QueuedThreadPool$2.run(QueuedThreadPool.java:683)\r\n\tat java.lang.Thread.run(Thread.java:842)\r\n"},"stage":"finished","steps":[],"attachments":[],"parameters":[],"start":1702971651547,"stop":1702971656588}