<?xml version="1.0" encoding="UTF-8"?>
<!-- Generated by org.testng.reporters.JUnitReportReporter -->
<testsuite hostname="DESKTOP-7V6RIFB" failures="0" tests="4" name="commonMethods.Testcases" time="1274.448" errors="2" timestamp="2023-12-15T20:02:17 IST" skipped="0">
  <testcase classname="commonMethods.Testcases" name="buyCryptoEuroLite" time="149.045"/>
  <system-out>
    <![CDATA[STEP1
STEP2
STEP3
STEP4
STEP5
STEP6
STEP7
STEP8
STEP9
STEP10
STEP11
STEP12
STEP13
STEP14
STEP15
STEP16
STEP17
STEP18
STEP19
STEP20
STEP21
STEP22
STEP23
STEP24
STEP25
STEP26
STEP27
STEP28
STEP29
STEP30
STEP31
STEP32
STEP33
STEP34
STEP35
STEP36
STEP37
STEP38
STEP39
STEP40
STEP41
STEP42
STEP43
STEP44
STEP45
STEP46
STEP47
STEP48
STEP49
STEP50
STEP51
STEP52
STEP53
STEP54
STEP55
STEP56
STEP57
STEP58
STEP59
STEP60
STEP61
STEP62
STEP63
STEP64
STEP65
STEP66
STEP67
STEP68
STEP69
STEP70
STEP71
STEP72
STEP73
STEP74
STEP75
STEP76
STEP77
STEP78
STEP79
STEP80
STEP81
STEP82
STEP83
STEP84
STEP85
STEP86
STEP87
STEP88
STEP89
STEP90
STEP91
STEP92
STEP93
STEP94
STEP95
STEP96
STEP97
STEP98
STEP99
STEP100
STEP101
STEP102
STEP103
STEP104
STEP105
STEP106
STEP107
STEP108
STEP109
STEP110
STEP111
STEP112
STEP113
STEP114]]>
  </system-out>
  <testcase classname="commonMethods.Testcases" name="buyCryptoUSDollerLite" time="420.580">
    <error message="javascript error: Invalid left-hand side in assignment
  (Session info: chrome=120.0.6099.109)
Build info: version: &#039;3.10.0&#039;, revision: &#039;176b4a9&#039;, time: &#039;2018-03-02T19:03:16.397Z&#039;
System info: host: &#039;DESKTOP-7V6RIFB&#039;, ip: &#039;192.168.1.10&#039;, os.name: &#039;Windows 11&#039;, os.arch: &#039;amd64&#039;, os.version: &#039;10.0&#039;, java.version: &#039;17.0.7&#039;
Driver info: org.openqa.selenium.chrome.ChromeDriver
Capabilities {acceptInsecureCerts: false, browserName: chrome, browserVersion: 120.0.6099.109, chrome: {chromedriverVersion: 120.0.6099.71 (9729082fe617..., userDataDir: C:\Users\RBT\AppData\Local\...}, fedcm:accounts: true, goog:chromeOptions: {debuggerAddress: localhost:60604}, javascriptEnabled: true, networkConnectionEnabled: false, pageLoadStrategy: normal, platform: WINDOWS, platformName: WINDOWS, proxy: Proxy(), setWindowRect: true, strictFileInteractability: false, timeouts: {implicit: 0, pageLoad: 300000, script: 30000}, unhandledPromptBehavior: dismiss and notify, webauthn:extension:credBlob: true, webauthn:extension:largeBlob: true, webauthn:extension:minPinLength: true, webauthn:extension:prf: true, webauthn:virtualAuthenticators: true}
Session ID: 4ad52fd9a74223827a73d1e3849c7af3" type="org.openqa.selenium.JavascriptException">
      <![CDATA[org.openqa.selenium.JavascriptException: javascript error: Invalid left-hand side in assignment
  (Session info: chrome=120.0.6099.109)
Build info: version: '3.10.0', revision: '176b4a9', time: '2018-03-02T19:03:16.397Z'
System info: host: 'DESKTOP-7V6RIFB', ip: '192.168.1.10', os.name: 'Windows 11', os.arch: 'amd64', os.version: '10.0', java.version: '17.0.7'
Driver info: org.openqa.selenium.chrome.ChromeDriver
Capabilities {acceptInsecureCerts: false, browserName: chrome, browserVersion: 120.0.6099.109, chrome: {chromedriverVersion: 120.0.6099.71 (9729082fe617..., userDataDir: C:\Users\RBT\AppData\Local\...}, fedcm:accounts: true, goog:chromeOptions: {debuggerAddress: localhost:60604}, javascriptEnabled: true, networkConnectionEnabled: false, pageLoadStrategy: normal, platform: WINDOWS, platformName: WINDOWS, proxy: Proxy(), setWindowRect: true, strictFileInteractability: false, timeouts: {implicit: 0, pageLoad: 300000, script: 30000}, unhandledPromptBehavior: dismiss and notify, webauthn:extension:credBlob: true, webauthn:extension:largeBlob: true, webauthn:extension:minPinLength: true, webauthn:extension:prf: true, webauthn:virtualAuthenticators: true}
Session ID: 4ad52fd9a74223827a73d1e3849c7af3
at java.base/jdk.internal.reflect.NativeConstructorAccessorImpl.newInstance0(Native Method)
at java.base/jdk.internal.reflect.NativeConstructorAccessorImpl.newInstance(NativeConstructorAccessorImpl.java:77)
at java.base/jdk.internal.reflect.DelegatingConstructorAccessorImpl.newInstance(DelegatingConstructorAccessorImpl.java:45)
at java.base/java.lang.reflect.Constructor.newInstanceWithCaller(Constructor.java:499)
at java.base/java.lang.reflect.Constructor.newInstance(Constructor.java:480)
at org.openqa.selenium.remote.http.W3CHttpResponseCodec.createException(W3CHttpResponseCodec.java:187)
at org.openqa.selenium.remote.http.W3CHttpResponseCodec.decode(W3CHttpResponseCodec.java:122)
at org.openqa.selenium.remote.http.W3CHttpResponseCodec.decode(W3CHttpResponseCodec.java:49)
at org.openqa.selenium.remote.HttpCommandExecutor.execute(HttpCommandExecutor.java:160)
at org.openqa.selenium.remote.service.DriverCommandExecutor.execute(DriverCommandExecutor.java:83)
at org.openqa.selenium.remote.RemoteWebDriver.execute(RemoteWebDriver.java:601)
at org.openqa.selenium.remote.RemoteWebDriver.executeScript(RemoteWebDriver.java:537)
at commonMethods.Keywords.waitForElement1(Keywords.java:375)
at scripts.BuyCryptoLite.buyCrypto_Lite(BuyCryptoLite.java:249)
at commonMethods.Testcases.buyCryptoUSDollerLite(Testcases.java:172)
at java.base/jdk.internal.reflect.NativeMethodAccessorImpl.invoke0(Native Method)
at java.base/jdk.internal.reflect.NativeMethodAccessorImpl.invoke(NativeMethodAccessorImpl.java:77)
at java.base/jdk.internal.reflect.DelegatingMethodAccessorImpl.invoke(DelegatingMethodAccessorImpl.java:43)
at java.base/java.lang.reflect.Method.invoke(Method.java:568)
at org.testng.internal.MethodInvocationHelper.invokeMethod(MethodInvocationHelper.java:133)
at org.testng.internal.TestInvoker.invokeMethod(TestInvoker.java:598)
at org.testng.internal.TestInvoker.invokeTestMethod(TestInvoker.java:173)
at org.testng.internal.MethodRunner.runInSequence(MethodRunner.java:46)
at org.testng.internal.TestInvoker$MethodInvocationAgent.invoke(TestInvoker.java:824)
at org.testng.internal.TestInvoker.invokeTestMethods(TestInvoker.java:146)
at org.testng.internal.TestMethodWorker.invokeTestMethods(TestMethodWorker.java:146)
at org.testng.internal.TestMethodWorker.run(TestMethodWorker.java:128)
at java.base/java.util.ArrayList.forEach(ArrayList.java:1511)
at org.testng.TestRunner.privateRun(TestRunner.java:794)
at org.testng.TestRunner.run(TestRunner.java:596)
at org.testng.SuiteRunner.runTest(SuiteRunner.java:377)
at org.testng.SuiteRunner.runSequentially(SuiteRunner.java:371)
at org.testng.SuiteRunner.privateRun(SuiteRunner.java:332)
at org.testng.SuiteRunner.run(SuiteRunner.java:276)
at org.testng.SuiteRunnerWorker.runSuite(SuiteRunnerWorker.java:53)
at org.testng.SuiteRunnerWorker.run(SuiteRunnerWorker.java:96)
at org.testng.TestNG.runSuitesSequentially(TestNG.java:1212)
at org.testng.TestNG.runSuitesLocally(TestNG.java:1134)
at org.testng.TestNG.runSuites(TestNG.java:1063)
at org.testng.TestNG.run(TestNG.java:1031)
at org.testng.remote.AbstractRemoteTestNG.run(AbstractRemoteTestNG.java:115)
at org.testng.remote.RemoteTestNG.initAndRun(RemoteTestNG.java:251)
at org.testng.remote.RemoteTestNG.main(RemoteTestNG.java:77)
]]>
    </error>
  </testcase> <!-- buyCryptoUSDollerLite -->
  <system-out>
    <![CDATA[STEP229
STEP230
STEP231
STEP232
STEP233
STEP234
STEP235
STEP236
STEP237
STEP238
STEP239
STEP240
STEP241
STEP242
STEP243
STEP244
STEP245
STEP246
STEP247
STEP248
STEP249
STEP250
STEP251
STEP252
STEP253
STEP254
STEP255
STEP256
STEP257
STEP258
STEP259
STEP260
STEP261
STEP262
STEP263
STEP264
STEP265
STEP266
STEP267
STEP268
STEP269
STEP270
STEP271
STEP272
STEP273
STEP274
STEP275
STEP276
STEP277
STEP278
STEP279
STEP280
STEP281
STEP282
STEP283
STEP284
STEP285
STEP286
STEP287
STEP288
STEP289
STEP290
STEP291
STEP292
STEP293
STEP294
STEP295
STEP296
STEP297
STEP298
STEP299
STEP300
STEP301
STEP302
STEP303
STEP304
STEP305
STEP306
STEP307
STEP308
STEP309
STEP310
STEP311
STEP312
STEP313
STEP314
STEP315
STEP316
STEP317
STEP318
STEP319
STEP320
STEP321
STEP322
STEP323
STEP324
STEP325
STEP326
STEP327
STEP328
STEP329
STEP330
STEP331
STEP332
STEP333
STEP334
STEP335
STEP336
STEP337
STEP338
STEP339
STEP340]]>
  </system-out>
  <testcase classname="commonMethods.Testcases" name="buyCryptoBritishLite" time="144.377"/>
  <system-out>
    <![CDATA[STEP115
STEP116
STEP117
STEP118
STEP119
STEP120
STEP121
STEP122
STEP123
STEP124
STEP125
STEP126
STEP127
STEP128
STEP129
STEP130
STEP131
STEP132
STEP133
STEP134
STEP135
STEP136
STEP137
STEP138
STEP139
STEP140
STEP141
STEP142
STEP143
STEP144
STEP145
STEP146
STEP147
STEP148
STEP149
STEP150
STEP151
STEP152
STEP153
STEP154
STEP155
STEP156
STEP157
STEP158
STEP159
STEP160
STEP161
STEP162
STEP163
STEP164
STEP165
STEP166
STEP167
STEP168
STEP169
STEP170
STEP171
STEP172
STEP173
STEP174
STEP175
STEP176
STEP177
STEP178
STEP179
STEP180
STEP181
STEP182
STEP183
STEP184
STEP185
STEP186
STEP187
STEP188
STEP189
STEP190
STEP191
STEP192
STEP193
STEP194
STEP195
STEP196
STEP197
STEP198
STEP199
STEP200
STEP201
STEP202
STEP203
STEP204
STEP205
STEP206
STEP207
STEP208
STEP209
STEP210
STEP211
STEP212
STEP213
STEP214
STEP215
STEP216
STEP217
STEP218
STEP219
STEP220
STEP221
STEP222
STEP223
STEP224
STEP225
STEP226
STEP227
STEP228]]>
  </system-out>
  <testcase classname="commonMethods.Testcases" name="buyCryptoSingaporeLite" time="560.446">
    <error message="javascript error: Invalid left-hand side in assignment
  (Session info: chrome=120.0.6099.109)
Build info: version: &#039;3.10.0&#039;, revision: &#039;176b4a9&#039;, time: &#039;2018-03-02T19:03:16.397Z&#039;
System info: host: &#039;DESKTOP-7V6RIFB&#039;, ip: &#039;192.168.1.10&#039;, os.name: &#039;Windows 11&#039;, os.arch: &#039;amd64&#039;, os.version: &#039;10.0&#039;, java.version: &#039;17.0.7&#039;
Driver info: org.openqa.selenium.chrome.ChromeDriver
Capabilities {acceptInsecureCerts: false, browserName: chrome, browserVersion: 120.0.6099.109, chrome: {chromedriverVersion: 120.0.6099.71 (9729082fe617..., userDataDir: C:\Users\RBT\AppData\Local\...}, fedcm:accounts: true, goog:chromeOptions: {debuggerAddress: localhost:60821}, javascriptEnabled: true, networkConnectionEnabled: false, pageLoadStrategy: normal, platform: WINDOWS, platformName: WINDOWS, proxy: Proxy(), setWindowRect: true, strictFileInteractability: false, timeouts: {implicit: 0, pageLoad: 300000, script: 30000}, unhandledPromptBehavior: dismiss and notify, webauthn:extension:credBlob: true, webauthn:extension:largeBlob: true, webauthn:extension:minPinLength: true, webauthn:extension:prf: true, webauthn:virtualAuthenticators: true}
Session ID: 06b9a225b340dd5bdb5d2c3f38d270c4" type="org.openqa.selenium.JavascriptException">
      <![CDATA[org.openqa.selenium.JavascriptException: javascript error: Invalid left-hand side in assignment
  (Session info: chrome=120.0.6099.109)
Build info: version: '3.10.0', revision: '176b4a9', time: '2018-03-02T19:03:16.397Z'
System info: host: 'DESKTOP-7V6RIFB', ip: '192.168.1.10', os.name: 'Windows 11', os.arch: 'amd64', os.version: '10.0', java.version: '17.0.7'
Driver info: org.openqa.selenium.chrome.ChromeDriver
Capabilities {acceptInsecureCerts: false, browserName: chrome, browserVersion: 120.0.6099.109, chrome: {chromedriverVersion: 120.0.6099.71 (9729082fe617..., userDataDir: C:\Users\RBT\AppData\Local\...}, fedcm:accounts: true, goog:chromeOptions: {debuggerAddress: localhost:60821}, javascriptEnabled: true, networkConnectionEnabled: false, pageLoadStrategy: normal, platform: WINDOWS, platformName: WINDOWS, proxy: Proxy(), setWindowRect: true, strictFileInteractability: false, timeouts: {implicit: 0, pageLoad: 300000, script: 30000}, unhandledPromptBehavior: dismiss and notify, webauthn:extension:credBlob: true, webauthn:extension:largeBlob: true, webauthn:extension:minPinLength: true, webauthn:extension:prf: true, webauthn:virtualAuthenticators: true}
Session ID: 06b9a225b340dd5bdb5d2c3f38d270c4
at java.base/jdk.internal.reflect.NativeConstructorAccessorImpl.newInstance0(Native Method)
at java.base/jdk.internal.reflect.NativeConstructorAccessorImpl.newInstance(NativeConstructorAccessorImpl.java:77)
at java.base/jdk.internal.reflect.DelegatingConstructorAccessorImpl.newInstance(DelegatingConstructorAccessorImpl.java:45)
at java.base/java.lang.reflect.Constructor.newInstanceWithCaller(Constructor.java:499)
at java.base/java.lang.reflect.Constructor.newInstance(Constructor.java:480)
at org.openqa.selenium.remote.http.W3CHttpResponseCodec.createException(W3CHttpResponseCodec.java:187)
at org.openqa.selenium.remote.http.W3CHttpResponseCodec.decode(W3CHttpResponseCodec.java:122)
at org.openqa.selenium.remote.http.W3CHttpResponseCodec.decode(W3CHttpResponseCodec.java:49)
at org.openqa.selenium.remote.HttpCommandExecutor.execute(HttpCommandExecutor.java:160)
at org.openqa.selenium.remote.service.DriverCommandExecutor.execute(DriverCommandExecutor.java:83)
at org.openqa.selenium.remote.RemoteWebDriver.execute(RemoteWebDriver.java:601)
at org.openqa.selenium.remote.RemoteWebDriver.executeScript(RemoteWebDriver.java:537)
at commonMethods.Keywords.waitForElement1(Keywords.java:375)
at scripts.BuyCryptoLite.buyCrypto_Lite(BuyCryptoLite.java:179)
at commonMethods.Testcases.buyCryptoSingaporeLite(Testcases.java:206)
at java.base/jdk.internal.reflect.NativeMethodAccessorImpl.invoke0(Native Method)
at java.base/jdk.internal.reflect.NativeMethodAccessorImpl.invoke(NativeMethodAccessorImpl.java:77)
at java.base/jdk.internal.reflect.DelegatingMethodAccessorImpl.invoke(DelegatingMethodAccessorImpl.java:43)
at java.base/java.lang.reflect.Method.invoke(Method.java:568)
at org.testng.internal.MethodInvocationHelper.invokeMethod(MethodInvocationHelper.java:133)
at org.testng.internal.TestInvoker.invokeMethod(TestInvoker.java:598)
at org.testng.internal.TestInvoker.invokeTestMethod(TestInvoker.java:173)
at org.testng.internal.MethodRunner.runInSequence(MethodRunner.java:46)
at org.testng.internal.TestInvoker$MethodInvocationAgent.invoke(TestInvoker.java:824)
at org.testng.internal.TestInvoker.invokeTestMethods(TestInvoker.java:146)
at org.testng.internal.TestMethodWorker.invokeTestMethods(TestMethodWorker.java:146)
at org.testng.internal.TestMethodWorker.run(TestMethodWorker.java:128)
at java.base/java.util.ArrayList.forEach(ArrayList.java:1511)
at org.testng.TestRunner.privateRun(TestRunner.java:794)
at org.testng.TestRunner.run(TestRunner.java:596)
at org.testng.SuiteRunner.runTest(SuiteRunner.java:377)
at org.testng.SuiteRunner.runSequentially(SuiteRunner.java:371)
at org.testng.SuiteRunner.privateRun(SuiteRunner.java:332)
at org.testng.SuiteRunner.run(SuiteRunner.java:276)
at org.testng.SuiteRunnerWorker.runSuite(SuiteRunnerWorker.java:53)
at org.testng.SuiteRunnerWorker.run(SuiteRunnerWorker.java:96)
at org.testng.TestNG.runSuitesSequentially(TestNG.java:1212)
at org.testng.TestNG.runSuitesLocally(TestNG.java:1134)
at org.testng.TestNG.runSuites(TestNG.java:1063)
at org.testng.TestNG.run(TestNG.java:1031)
at org.testng.remote.AbstractRemoteTestNG.run(AbstractRemoteTestNG.java:115)
at org.testng.remote.RemoteTestNG.initAndRun(RemoteTestNG.java:251)
at org.testng.remote.RemoteTestNG.main(RemoteTestNG.java:77)
]]>
    </error>
  </testcase> <!-- buyCryptoSingaporeLite -->
  <system-out>
    <![CDATA[STEP341
STEP342
STEP343
STEP344
STEP345
STEP346
STEP347
STEP348
STEP349
STEP350
STEP351
STEP352
STEP353
STEP354
STEP355
STEP356
STEP357
STEP358
STEP359
STEP360
STEP361
STEP362
STEP363
STEP364
STEP365
STEP366
STEP367
STEP368
STEP369
STEP370
STEP371
STEP372
STEP373
STEP374
STEP375
STEP376
STEP377
STEP378
STEP379
STEP380
STEP381
STEP382
STEP383
STEP384
STEP385
STEP386
STEP387
STEP388
STEP389
STEP390
STEP391
STEP392
STEP393
STEP394
STEP395
STEP396
STEP397
STEP398
STEP399
STEP400
STEP401
STEP402
STEP403
STEP404
STEP405
STEP406
STEP407
STEP408
STEP409
STEP410
STEP411
STEP412
STEP413
STEP414
STEP415
STEP416
STEP417
STEP418
STEP419
STEP420
STEP421
STEP422
STEP423
STEP424
STEP425
STEP426]]>
  </system-out>
</testsuite> <!-- commonMethods.Testcases -->
